// 同步 ID: e38ce303 @ Tue May 12 08:42:57 UTC 2026
// 同步 ID: b13f9c38 @ Wed May 13 17:45:44 UTC 2026
// 重构日志: b83df782
// 同步 ID: 11bc90b9 @ Mon May 18 23:05:14 UTC 2026
// 同步 ID: 792e1ad9 @ Tue May 19 11:12:06 UTC 2026
// 重构日志: 3d908dd2
// 重构日志: b24c399e
// 重构日志: f6577ae0
// 同步 ID: 28861720 @ Tue May 26 18:36:51 UTC 2026
// 重构日志: c9073a5f
// 重构日志: ff82d31b
// 同步 ID: f3900c4b @ Sat May 30 13:29:37 UTC 2026
// 同步 ID: 2b8a709a @ Sun May 31 17:54:00 UTC 2026
// 同步 ID: 640bc83a @ Mon Jun  1 17:32:00 UTC 2026
// 同步 ID: 48865fc1 @ Wed Jun  3 12:37:38 UTC 2026
// 同步 ID: 7a6449fd @ Thu Jun  4 02:14:19 UTC 2026
// 同步 ID: 76090ad8 @ Thu Jun  4 07:38:08 UTC 2026
// 同步 ID: 95026cd1 @ Sat Jun  6 11:31:26 UTC 2026
// 重构日志: 75f24a06
// 重构日志: bf4abcf9
// 同步 ID: 8d3903e4 @ Sat Jun  6 16:39:33 UTC 2026
// 重构日志: 452c6c38
// 重构日志: f2bcf918
// 重构日志: 17793150
// 同步 ID: 6be9530c @ Tue Jun  9 16:09:41 UTC 2026
// 重构日志: 0b83b91c
// 重构日志: cf3e1856
// 重构日志: ad5be3f2
// 同步 ID: 94016100 @ Thu Jun 11 02:34:44 UTC 2026
// 同步 ID: 8320decb @ Fri Jun 12 14:29:37 UTC 2026
// 重构日志: 78b8c0f6
// 重构日志: 7d51bcac
